c:\users\waaaa\documents\adollib_physics\adollib_physics\obj\release\adollib_physics.pdb
c:\users\waaaa\documents\adollib_physics\adollib_physics\obj\release\collider.obj
c:\users\waaaa\documents\adollib_physics\adollib_physics\obj\release\balljoint.obj
c:\users\waaaa\documents\adollib_physics\adollib_physics\obj\release\alp__physics_manager.obj
c:\users\waaaa\documents\adollib_physics\adollib_physics\obj\release\alp_resolve_contact_sim.obj
c:\users\waaaa\documents\adollib_physics\adollib_physics\obj\release\alp_resolve_contact.obj
c:\users\waaaa\documents\adollib_physics\adollib_physics\obj\release\alp_raycast.obj
c:\users\waaaa\documents\adollib_physics\adollib_physics\obj\release\alp_physics.obj
c:\users\waaaa\documents\adollib_physics\adollib_physics\obj\release\alp_midphase.obj
c:\users\waaaa\documents\adollib_physics\adollib_physics\obj\release\alp_joint.obj
c:\users\waaaa\documents\adollib_physics\adollib_physics\obj\release\alp_integrate.obj
c:\users\waaaa\documents\adollib_physics\adollib_physics\obj\release\alp_generate_contact_sim.obj
c:\users\waaaa\documents\adollib_physics\adollib_physics\obj\release\alp_generate_contact.obj
c:\users\waaaa\documents\adollib_physics\adollib_physics\obj\release\alp_contact.obj
c:\users\waaaa\documents\adollib_physics\adollib_physics\obj\release\alp_collider.obj
c:\users\waaaa\documents\adollib_physics\adollib_physics\obj\release\alp_broadphase.obj
c:\users\waaaa\documents\adollib_physics\adollib_physics\obj\release\crossing_func_sim.obj
c:\users\waaaa\documents\adollib_physics\adollib_physics\obj\release\crossing_func.obj
c:\users\waaaa\documents\adollib_physics\adollib_physics\obj\release\complex.obj
c:\users\waaaa\documents\adollib_physics\adollib_physics\obj\release\closest_func_sim.obj
c:\users\waaaa\documents\adollib_physics\adollib_physics\obj\release\closest_func.obj
c:\users\waaaa\documents\adollib_physics\adollib_physics\obj\release\twistjoint.obj
c:\users\waaaa\documents\adollib_physics\adollib_physics\obj\release\ray.obj
c:\users\waaaa\documents\adollib_physics\adollib_physics\obj\release\meshcoll_resorce_manager.obj
c:\users\waaaa\documents\adollib_physics\adollib_physics\obj\release\joint_base.obj
c:\users\waaaa\documents\adollib_physics\adollib_physics\obj\release\joint.obj
c:\users\waaaa\documents\adollib_physics\adollib_physics\obj\release\hingejoint.obj
c:\users\waaaa\documents\adollib_physics\adollib_physics\obj\release\conetwistjoint.obj
c:\users\waaaa\documents\adollib_physics\adollib_physics\obj\release\conejoint.obj
c:\users\waaaa\documents\adollib_physics\adollib_physics\obj\release\collider_shape.obj
c:\users\waaaa\documents\adollib_physics\adollib_physics\bin\win32\2022\release\adollib_physics.lib
c:\users\waaaa\documents\adollib_physics\adollib_physics\\bin\win32\2022\release\adollib_physics.lib
c:\users\waaaa\documents\adollib_physics\adollib_physics\obj\release\adollib_physics.tlog\cl.command.1.tlog
c:\users\waaaa\documents\adollib_physics\adollib_physics\obj\release\adollib_physics.tlog\cl.read.1.tlog
c:\users\waaaa\documents\adollib_physics\adollib_physics\obj\release\adollib_physics.tlog\cl.write.1.tlog
c:\users\waaaa\documents\adollib_physics\adollib_physics\obj\release\adollib_physics.tlog\lib-link.read.1.tlog
c:\users\waaaa\documents\adollib_physics\adollib_physics\obj\release\adollib_physics.tlog\lib-link.write.1.tlog
c:\users\waaaa\documents\adollib_physics\adollib_physics\obj\release\adollib_physics.tlog\lib.command.1.tlog
