c:\users\waaaa\documents\adollib_physics\adollib_physics\obj\debug\adollib_physics.pdb
c:\users\waaaa\documents\adollib_physics\adollib_physics\obj\debug\adollib_physics.idb
c:\users\waaaa\documents\adollib_physics\adollib_physics\obj\debug\collider.obj
c:\users\waaaa\documents\adollib_physics\adollib_physics\obj\debug\balljoint.obj
c:\users\waaaa\documents\adollib_physics\adollib_physics\obj\debug\alp__physics_manager.obj
c:\users\waaaa\documents\adollib_physics\adollib_physics\obj\debug\alp_resolve_contact_sim.obj
c:\users\waaaa\documents\adollib_physics\adollib_physics\obj\debug\alp_resolve_contact.obj
c:\users\waaaa\documents\adollib_physics\adollib_physics\obj\debug\alp_raycast.obj
c:\users\waaaa\documents\adollib_physics\adollib_physics\obj\debug\alp_physics.obj
c:\users\waaaa\documents\adollib_physics\adollib_physics\obj\debug\alp_midphase.obj
c:\users\waaaa\documents\adollib_physics\adollib_physics\obj\debug\alp_joint.obj
c:\users\waaaa\documents\adollib_physics\adollib_physics\obj\debug\alp_integrate.obj
c:\users\waaaa\documents\adollib_physics\adollib_physics\obj\debug\alp_generate_contact_sim.obj
c:\users\waaaa\documents\adollib_physics\adollib_physics\obj\debug\alp_generate_contact.obj
c:\users\waaaa\documents\adollib_physics\adollib_physics\obj\debug\alp_contact.obj
c:\users\waaaa\documents\adollib_physics\adollib_physics\obj\debug\alp_collider.obj
c:\users\waaaa\documents\adollib_physics\adollib_physics\obj\debug\alp_broadphase.obj
c:\users\waaaa\documents\adollib_physics\adollib_physics\obj\debug\crossing_func_sim.obj
c:\users\waaaa\documents\adollib_physics\adollib_physics\obj\debug\crossing_func.obj
c:\users\waaaa\documents\adollib_physics\adollib_physics\obj\debug\complex.obj
c:\users\waaaa\documents\adollib_physics\adollib_physics\obj\debug\closest_func_sim.obj
c:\users\waaaa\documents\adollib_physics\adollib_physics\obj\debug\closest_func.obj
c:\users\waaaa\documents\adollib_physics\adollib_physics\obj\debug\twistjoint.obj
c:\users\waaaa\documents\adollib_physics\adollib_physics\obj\debug\ray.obj
c:\users\waaaa\documents\adollib_physics\adollib_physics\obj\debug\meshcoll_resorce_manager.obj
c:\users\waaaa\documents\adollib_physics\adollib_physics\obj\debug\joint_base.obj
c:\users\waaaa\documents\adollib_physics\adollib_physics\obj\debug\joint.obj
c:\users\waaaa\documents\adollib_physics\adollib_physics\obj\debug\hingejoint.obj
c:\users\waaaa\documents\adollib_physics\adollib_physics\obj\debug\conetwistjoint.obj
c:\users\waaaa\documents\adollib_physics\adollib_physics\obj\debug\conejoint.obj
c:\users\waaaa\documents\adollib_physics\adollib_physics\obj\debug\collider_shape.obj
c:\users\waaaa\documents\adollib_physics\adollib_physics\bin\win32\2022\debug\adollib_physics.lib
c:\users\waaaa\documents\adollib_physics\adollib_physics\\bin\win32\2022\debug\adollib_physics.lib
c:\users\waaaa\documents\adollib_physics\adollib_physics\obj\debug\adollib_physics.tlog\cl.command.1.tlog
c:\users\waaaa\documents\adollib_physics\adollib_physics\obj\debug\adollib_physics.tlog\cl.read.1.tlog
c:\users\waaaa\documents\adollib_physics\adollib_physics\obj\debug\adollib_physics.tlog\cl.write.1.tlog
c:\users\waaaa\documents\adollib_physics\adollib_physics\obj\debug\adollib_physics.tlog\lib-link.read.1.tlog
c:\users\waaaa\documents\adollib_physics\adollib_physics\obj\debug\adollib_physics.tlog\lib-link.write.1.tlog
c:\users\waaaa\documents\adollib_physics\adollib_physics\obj\debug\adollib_physics.tlog\lib.command.1.tlog
