c:\users\waaaa\documents\adollib\adollib\release\adollib.ipdb
c:\users\waaaa\documents\adollib\adollib\release\adollib.iobj
c:\users\waaaa\documents\adollib\adollib\adollib\release\vc142.pdb
c:\users\waaaa\documents\adollib\adollib\adollib\release\stage_02.obj
c:\users\waaaa\documents\adollib\adollib\adollib\release\stage_01_funcs.obj
c:\users\waaaa\documents\adollib\adollib\adollib\release\stage_01.obj
c:\users\waaaa\documents\adollib\adollib\adollib\release\se_manager.obj
c:\users\waaaa\documents\adollib\adollib\adollib\release\select_stage_manager.obj
c:\users\waaaa\documents\adollib\adollib\adollib\release\select_playernum_manager.obj
c:\users\waaaa\documents\adollib\adollib\adollib\release\player_manager.obj
c:\users\waaaa\documents\adollib\adollib\adollib\release\player_funcs.obj
c:\users\waaaa\documents\adollib\adollib\adollib\release\player.obj
c:\users\waaaa\documents\adollib\adollib\adollib\release\simulation_sph.obj
c:\users\waaaa\documents\adollib\adollib\adollib\release\object_rotate.obj
c:\users\waaaa\documents\adollib\adollib\adollib\release\object_manager.obj
c:\users\waaaa\documents\adollib\adollib\adollib\release\input_changer.obj
c:\users\waaaa\documents\adollib\adollib\adollib\release\fall_object_manager.obj
c:\users\waaaa\documents\adollib\adollib\adollib\release\fall_object_comp.obj
c:\users\waaaa\documents\adollib\adollib\adollib\release\demo_house.obj
c:\users\waaaa\documents\adollib\adollib\adollib\release\debug_camera_controller.obj
c:\users\waaaa\documents\adollib\adollib\adollib\release\camera.obj
c:\users\waaaa\documents\adollib\adollib\adollib\release\area_respown_set.obj
c:\users\waaaa\documents\adollib\adollib\adollib\release\area_goal.obj
c:\users\waaaa\documents\adollib\adollib\adollib\release\imgui_demo.obj
c:\users\waaaa\documents\adollib\adollib\adollib\release\imgui.obj
c:\users\waaaa\documents\adollib\adollib\adollib\release\ui_manager.obj
c:\users\waaaa\documents\adollib\adollib\adollib\release\tutrial_stage01_move_camera_catch.obj
c:\users\waaaa\documents\adollib\adollib\adollib\release\tutrial_stage02_rope.obj
c:\users\waaaa\documents\adollib\adollib\adollib\release\tutrial_manager.obj
c:\users\waaaa\documents\adollib\adollib\adollib\release\title_state_manager.obj
c:\users\waaaa\documents\adollib\adollib\adollib\release\title_stage.obj
c:\users\waaaa\documents\adollib\adollib\adollib\release\title_camera.obj
c:\users\waaaa\documents\adollib\adollib\adollib\release\stage_manager.obj
c:\users\waaaa\documents\adollib\adollib\adollib\release\stage_demo_2_funcs.obj
c:\users\waaaa\documents\adollib\adollib\adollib\release\stage_demo_2.obj
c:\users\waaaa\documents\adollib\adollib\adollib\release\stage_demo_funcs.obj
c:\users\waaaa\documents\adollib\adollib\adollib\release\stage_demo_1_funcs.obj
c:\users\waaaa\documents\adollib\adollib\adollib\release\stage_demo_1.obj
c:\users\waaaa\documents\adollib\adollib\adollib\release\stage_demo.obj
c:\users\waaaa\documents\adollib\adollib\adollib\release\stage_base.obj
c:\users\waaaa\documents\adollib\adollib\adollib\release\stage_99_funcs.obj
c:\users\waaaa\documents\adollib\adollib\adollib\release\stage_99.obj
c:\users\waaaa\documents\adollib\adollib\adollib\release\stage_02_funcs.obj
c:\users\waaaa\documents\adollib\adollib\adollib\release\component_light.obj
c:\users\waaaa\documents\adollib\adollib\adollib\release\component_camera.obj
c:\users\waaaa\documents\adollib\adollib\adollib\release\camera_costantbuffer_template.obj
c:\users\waaaa\documents\adollib\adollib\adollib\release\crossing_func.obj
c:\users\waaaa\documents\adollib\adollib\adollib\release\complex.obj
c:\users\waaaa\documents\adollib\adollib\adollib\release\closest_func.obj
c:\users\waaaa\documents\adollib\adollib\adollib\release\systems.obj
c:\users\waaaa\documents\adollib\adollib\adollib\release\sprite.obj
c:\users\waaaa\documents\adollib\adollib\adollib\release\resource_manager.obj
c:\users\waaaa\documents\adollib\adollib\adollib\release\mono_audio.obj
c:\users\waaaa\documents\adollib\adollib\adollib\release\main.obj
c:\users\waaaa\documents\adollib\adollib\adollib\release\loop.obj
c:\users\waaaa\documents\adollib\adollib\adollib\release\input.obj
c:\users\waaaa\documents\adollib\adollib\adollib\release\adollib.obj
c:\users\waaaa\documents\adollib\adollib\adollib\release\work_meter.obj
c:\users\waaaa\documents\adollib\adollib\adollib\release\inspector.obj
c:\users\waaaa\documents\adollib\adollib\adollib\release\imgui_manager.obj
c:\users\waaaa\documents\adollib\adollib\adollib\release\debug.obj
c:\users\waaaa\documents\adollib\adollib\adollib\release\imgui_widgets.obj
c:\users\waaaa\documents\adollib\adollib\adollib\release\imgui_draw.obj
c:\users\waaaa\documents\adollib\adollib\adollib\release\alp_contact.obj
c:\users\waaaa\documents\adollib\adollib\adollib\release\collider.obj
c:\users\waaaa\documents\adollib\adollib\adollib\release\alp__physics_manager.obj
c:\users\waaaa\documents\adollib\adollib\adollib\release\collider_shape.obj
c:\users\waaaa\documents\adollib\adollib\adollib\release\collider_rope.obj
c:\users\waaaa\documents\adollib\adollib\adollib\release\collider_croth.obj
c:\users\waaaa\documents\adollib\adollib\adollib\release\balljoint.obj
c:\users\waaaa\documents\adollib\adollib\adollib\release\alp_resolve_contact_sim.obj
c:\users\waaaa\documents\adollib\adollib\adollib\release\alp_resolve_contact.obj
c:\users\waaaa\documents\adollib\adollib\adollib\release\alp_raycast.obj
c:\users\waaaa\documents\adollib\adollib\adollib\release\alp_physics.obj
c:\users\waaaa\documents\adollib\adollib\adollib\release\alp_midphase.obj
c:\users\waaaa\documents\adollib\adollib\adollib\release\alp_joint.obj
c:\users\waaaa\documents\adollib\adollib\adollib\release\alp_integrate.obj
c:\users\waaaa\documents\adollib\adollib\adollib\release\alp_generate_contact.obj
c:\users\waaaa\documents\adollib\adollib\adollib\release\alp_collider.obj
c:\users\waaaa\documents\adollib\adollib\adollib\release\alp_broadphase.obj
c:\users\waaaa\documents\adollib\adollib\adollib\release\hierarchy.obj
c:\users\waaaa\documents\adollib\adollib\adollib\release\gameobject_manager.obj
c:\users\waaaa\documents\adollib\adollib\adollib\release\gameobject.obj
c:\users\waaaa\documents\adollib\adollib\adollib\release\compute_shader.obj
c:\users\waaaa\documents\adollib\adollib\adollib\release\rope_renderer.obj
c:\users\waaaa\documents\adollib\adollib\adollib\release\renderer_manager.obj
c:\users\waaaa\documents\adollib\adollib\adollib\release\renderer_base.obj
c:\users\waaaa\documents\adollib\adollib\adollib\release\mesh_renderer.obj
c:\users\waaaa\documents\adollib\adollib\adollib\release\mesh.obj
c:\users\waaaa\documents\adollib\adollib\adollib\release\material_manager.obj
c:\users\waaaa\documents\adollib\adollib\adollib\release\material_for_collider.obj
c:\users\waaaa\documents\adollib\adollib\adollib\release\material.obj
c:\users\waaaa\documents\adollib\adollib\adollib\release\billboard_renderer.obj
c:\users\waaaa\documents\adollib\adollib\adollib\release\twistjoint.obj
c:\users\waaaa\documents\adollib\adollib\adollib\release\shape_rope.obj
c:\users\waaaa\documents\adollib\adollib\adollib\release\shape_croth.obj
c:\users\waaaa\documents\adollib\adollib\adollib\release\ray.obj
c:\users\waaaa\documents\adollib\adollib\adollib\release\meshcoll_resorce_manager.obj
c:\users\waaaa\documents\adollib\adollib\adollib\release\joint_base.obj
c:\users\waaaa\documents\adollib\adollib\adollib\release\joint.obj
c:\users\waaaa\documents\adollib\adollib\adollib\release\hingejoint.obj
c:\users\waaaa\documents\adollib\adollib\adollib\release\conetwistjoint.obj
c:\users\waaaa\documents\adollib\adollib\adollib\release\conejoint.obj
c:\users\waaaa\documents\adollib\adollib\adollib\release\scene_title.obj
c:\users\waaaa\documents\adollib\adollib\adollib\release\scene_sph.obj
c:\users\waaaa\documents\adollib\adollib\adollib\release\scene_player.obj
c:\users\waaaa\documents\adollib\adollib\adollib\release\scene_manager.obj
c:\users\waaaa\documents\adollib\adollib\adollib\release\scene_game.obj
c:\users\waaaa\documents\adollib\adollib\adollib\release\vignette_effect.obj
c:\users\waaaa\documents\adollib\adollib\adollib\release\ui_renderer.obj
c:\users\waaaa\documents\adollib\adollib\adollib\release\croth_renderer.obj
c:\users\waaaa\documents\adollib\adollib\adollib\release\texture.obj
c:\users\waaaa\documents\adollib\adollib\adollib\release\sprite_renderer.obj
c:\users\waaaa\documents\adollib\adollib\adollib\release\ui.obj
c:\users\waaaa\documents\adollib\adollib\adollib\release\sky_sphere.obj
c:\users\waaaa\documents\adollib\adollib\adollib\release\directional_shadow.obj
c:\users\waaaa\documents\adollib\adollib\adollib\release\shader.obj
c:\users\waaaa\documents\adollib\adollib\adollib\release\imgui_impl_dx11.obj
c:\users\waaaa\documents\adollib\adollib\adollib\release\imgui_impl_win32.obj
c:\users\waaaa\documents\adollib\adollib\adollib\release\alp_generate_contact_sim.obj
c:\users\waaaa\documents\adollib\adollib\adollib\release\closest_func_sim.obj
c:\users\waaaa\documents\adollib\adollib\adollib\release\crossing_func_sim.obj
c:\users\waaaa\documents\adollib\adollib\adollib\release\scene_gpuparticle.obj
c:\users\waaaa\documents\adollib\adollib\adollib\release\simulation_gpuparticle.obj
c:\users\waaaa\documents\adollib\adollib\adollib\defaultshader\billboard_ps.cso
c:\users\waaaa\documents\adollib\adollib\adollib\defaultshader\billboard_vs.cso
c:\users\waaaa\documents\adollib\adollib\adollib\defaultshader\collider_render_ps.cso
c:\users\waaaa\documents\adollib\adollib\adollib\defaultshader\collider_render_vs.cso
c:\users\waaaa\documents\adollib\adollib\adollib\defaultshader\croth_calculate_cs.cso
c:\users\waaaa\documents\adollib\adollib\adollib\defaultshader\croth_shader_ps.cso
c:\users\waaaa\documents\adollib\adollib\adollib\defaultshader\croth_shader_vs.cso
c:\users\waaaa\documents\adollib\adollib\adollib\defaultshader\default_ps.cso
c:\users\waaaa\documents\adollib\adollib\adollib\defaultshader\default_ps_originalcolor.cso
c:\users\waaaa\documents\adollib\adollib\adollib\defaultshader\dither_noshadow_ps.cso
c:\users\waaaa\documents\adollib\adollib\adollib\defaultshader\default_ps_noshadow.cso
c:\users\waaaa\documents\adollib\adollib\adollib\defaultshader\default_ps_skysphere.cso
c:\users\waaaa\documents\adollib\adollib\adollib\defaultshader\default_vs.cso
c:\users\waaaa\documents\adollib\adollib\adollib\defaultshader\dither_noshadow_vs.cso
c:\users\waaaa\documents\adollib\adollib\adollib\defaultshader\gaussian_filter_ps.cso
c:\users\waaaa\documents\adollib\adollib\adollib\defaultshader\gaussian_filter_vs.cso
c:\users\waaaa\documents\adollib\adollib\adollib\defaultshader\render_directional_shadow_ps.cso
c:\users\waaaa\documents\adollib\adollib\adollib\defaultshader\render_directional_shadow_vs.cso
c:\users\waaaa\documents\adollib\adollib\adollib\defaultshader\rope_shader_ps.cso
c:\users\waaaa\documents\adollib\adollib\adollib\defaultshader\rope_shader_vs.cso
c:\users\waaaa\documents\adollib\adollib\adollib\defaultshader\sky_map_vs.cso
c:\users\waaaa\documents\adollib\adollib\adollib\defaultshader\sprite_ps.cso
c:\users\waaaa\documents\adollib\adollib\adollib\defaultshader\sprite_vs.cso
c:\users\waaaa\documents\adollib\adollib\adollib\defaultshader\ui_ps.cso
c:\users\waaaa\documents\adollib\adollib\adollib\defaultshader\ui_vs.cso
c:\users\waaaa\documents\adollib\adollib\adollib\defaultshader\vignette_effect_ps.cso
c:\users\waaaa\documents\adollib\adollib\adollib\defaultshader\vignette_effect_vs.cso
c:\users\waaaa\documents\adollib\adollib\adollib\defaultshader\fluid_simulation_density_cs.cso
c:\users\waaaa\documents\adollib\adollib\adollib\defaultshader\fluid_simulation_pressure_cs.cso
c:\users\waaaa\documents\adollib\adollib\adollib\defaultshader\fluid_simulation_force_cs.cso
c:\users\waaaa\documents\adollib\adollib\adollib\defaultshader\fluid_simulation_collide.cso
c:\users\waaaa\documents\adollib\adollib\adollib\defaultshader\setup_solver_pair_cs.cso
c:\users\waaaa\documents\adollib\adollib\adollib\defaultshader\fluid_simulation_integrate_cs.cso
c:\users\waaaa\documents\adollib\adollib\adollib\defaultshader\setup_solver_joint_cs.cso
c:\users\waaaa\documents\adollib\adollib\release\adollib.exe
c:\users\waaaa\documents\adollib\adollib\release\adollib.pdb
c:\users\waaaa\documents\adollib\adollib\adollib\release\adollib.tlog\adollib.write.1u.tlog
c:\users\waaaa\documents\adollib\adollib\adollib\release\adollib.tlog\cl.command.1.tlog
c:\users\waaaa\documents\adollib\adollib\adollib\release\adollib.tlog\cl.read.1.tlog
c:\users\waaaa\documents\adollib\adollib\adollib\release\adollib.tlog\cl.write.1.tlog
c:\users\waaaa\documents\adollib\adollib\adollib\release\adollib.tlog\fxc.command.1.tlog
c:\users\waaaa\documents\adollib\adollib\adollib\release\adollib.tlog\fxc.read.1.tlog
c:\users\waaaa\documents\adollib\adollib\adollib\release\adollib.tlog\fxc.write.1.tlog
c:\users\waaaa\documents\adollib\adollib\adollib\release\adollib.tlog\link.command.1.tlog
c:\users\waaaa\documents\adollib\adollib\adollib\release\adollib.tlog\link.read.1.tlog
c:\users\waaaa\documents\adollib\adollib\adollib\release\adollib.tlog\link.write.1.tlog
