c:\users\2190072\desktop\adollib\adollib\debug\vc142.pdb
c:\users\2190072\desktop\adollib\adollib\debug\vc142.idb
c:\users\2190072\desktop\adollib\adollib\debug\systems.obj
c:\users\2190072\desktop\adollib\adollib\debug\scene.obj
c:\users\2190072\desktop\adollib\adollib\debug\main.obj
c:\users\2190072\desktop\adollib\adollib\debug\loop.obj
c:\users\2190072\desktop\adollib\adollib\debug\texture.obj
c:\users\2190072\desktop\adollib\adollib\debug\resource_manager.obj
c:\users\2190072\desktop\adollib\adollib\debug\scene_title.obj
c:\users\2190072\desktop\adollib\adollib\debug\vector.obj
c:\users\2190072\desktop\adollib\adollib\debug\quaternion.obj
c:\users\2190072\desktop\adollib\adollib\debug\camera.obj
c:\users\2190072\desktop\adollib\adollib\debug\adollib.obj
c:\users\2190072\desktop\adollib\adollib\debug\light.obj
c:\users\2190072\desktop\adollib\adollib\debug\debug.obj
c:\users\2190072\desktop\adollib\adollib\debug\scene_game.obj
c:\users\2190072\desktop\adollib\adollib\debug\complex.obj
c:\users\2190072\desktop\adollib\adollib\debug\bectol.obj
c:\users\2190072\desktop\adollib\adollib\debug\matrix.obj
c:\users\2190072\desktop\adollib\adollib\debug\gameobject.obj
c:\users\2190072\desktop\adollib\adollib\debug\rigit_body_manager.obj
c:\users\2190072\desktop\adollib\adollib\debug\gameobject_manager.obj
c:\users\2190072\desktop\adollib\adollib\debug\rigit_body.obj
c:\users\2190072\desktop\adollib\adollib\debug\scene_manager.obj
c:\users\2190072\documents\adollib\adollib\adollib\debug\vc142.pdb
c:\users\2190072\documents\adollib\adollib\adollib\debug\vc142.idb
c:\users\2190072\documents\adollib\adollib\adollib\debug\vector.obj
c:\users\2190072\documents\adollib\adollib\adollib\debug\texture.obj
c:\users\2190072\documents\adollib\adollib\adollib\debug\systems.obj
c:\users\2190072\documents\adollib\adollib\adollib\debug\scene_title.obj
c:\users\2190072\documents\adollib\adollib\adollib\debug\scene_manager.obj
c:\users\2190072\documents\adollib\adollib\adollib\debug\scene_game.obj
c:\users\2190072\documents\adollib\adollib\adollib\debug\scene.obj
c:\users\2190072\documents\adollib\adollib\adollib\debug\rigit_body_manager.obj
c:\users\2190072\documents\adollib\adollib\adollib\debug\rigit_body.obj
c:\users\2190072\documents\adollib\adollib\adollib\debug\resource_manager.obj
c:\users\2190072\documents\adollib\adollib\adollib\debug\quaternion.obj
c:\users\2190072\documents\adollib\adollib\adollib\debug\matrix.obj
c:\users\2190072\documents\adollib\adollib\adollib\debug\main.obj
c:\users\2190072\documents\adollib\adollib\adollib\debug\loop.obj
c:\users\2190072\documents\adollib\adollib\adollib\debug\gameobject_manager.obj
c:\users\2190072\documents\adollib\adollib\adollib\debug\gameobject.obj
c:\users\2190072\documents\adollib\adollib\adollib\debug\camera.obj
c:\users\2190072\documents\adollib\adollib\adollib\debug\adollib.obj
c:\users\2190072\desktop\adollib\debug\adollib.ilk
c:\users\2190072\desktop\adollib\debug\adollib.exe
c:\users\2190072\desktop\adollib\debug\adollib.pdb
c:\users\2190072\documents\adollib\adollib\adollib\debug\bectol.obj
c:\users\2190072\documents\adollib\adollib\adollib\debug\complex.obj
c:\users\2190072\documents\adollib\adollib\adollib\debug\debug.obj
c:\users\2190072\documents\adollib\adollib\adollib\debug\light.obj
c:\users\2190072\documents\adollib\adollib\adollib\debug\loop.nativecodeanalysis.xml
c:\users\2190072\documents\adollib\adollib\adollib\debug\main.nativecodeanalysis.xml
c:\users\2190072\documents\adollib\adollib\adollib\debug\resource_manager.nativecodeanalysis.xml
c:\users\2190072\documents\adollib\adollib\adollib\debug\scene.nativecodeanalysis.xml
c:\users\2190072\documents\adollib\adollib\adollib\debug\systems.nativecodeanalysis.xml
c:\users\2190072\documents\adollib\adollib\adollib\debug\texture.nativecodeanalysis.xml
c:\users\2190072\documents\adollib\adollib\debug\adollib.pdb
c:\users\2190072\documents\adollib\adollib\adollib\debug\adollib.tlog\cl.command.1.tlog
c:\users\2190072\documents\adollib\adollib\adollib\debug\adollib.tlog\cl.read.1.tlog
c:\users\2190072\documents\adollib\adollib\adollib\debug\adollib.tlog\cl.write.1.tlog
c:\users\2190072\documents\adollib\adollib\adollib\debug\adollib.tlog\link-cvtres.read.1.tlog
c:\users\2190072\documents\adollib\adollib\adollib\debug\adollib.tlog\link-cvtres.write.1.tlog
c:\users\2190072\documents\adollib\adollib\adollib\debug\adollib.tlog\link-rc.read.1.tlog
c:\users\2190072\documents\adollib\adollib\adollib\debug\adollib.tlog\link-rc.write.1.tlog
c:\users\2190072\documents\adollib\adollib\adollib\debug\adollib.tlog\link.command.1.tlog
c:\users\2190072\documents\adollib\adollib\adollib\debug\adollib.tlog\link.read.1.tlog
c:\users\2190072\documents\adollib\adollib\adollib\debug\adollib.tlog\link.write.1.tlog
