  gameobject.cpp
C:\Users\2190072\Documents\Adollib\Adollib\Adollib\states_manager.h(12): warning C4091: 'static ': 変数が何も宣言されていないときは、'Adollib::State_manager::DStypes' の左辺を無視します。
C:\Users\2190072\Documents\Adollib\Adollib\Adollib\states_manager.h(21): warning C4091: 'static ': 変数が何も宣言されていないときは、'Adollib::State_manager::RStypes' の左辺を無視します。
  gameobject_camera.cpp
C:\Users\2190072\Documents\Adollib\Adollib\Adollib\states_manager.h(35): warning C4091: 'static ': 変数が何も宣言されていないときは、'Adollib::State_manager::BStypes' の左辺を無視します。
C:\Users\2190072\Documents\Adollib\Adollib\Adollib\states_manager.h(12): warning C4091: 'static ': 変数が何も宣言されていないときは、'Adollib::State_manager::DStypes' の左辺を無視します。
C:\Users\2190072\Documents\Adollib\Adollib\Adollib\states_manager.h(21): warning C4091: 'static ': 変数が何も宣言されていないときは、'Adollib::State_manager::RStypes' の左辺を無視します。
  gameobject_light.cpp
C:\Users\2190072\Documents\Adollib\Adollib\Adollib\states_manager.h(35): warning C4091: 'static ': 変数が何も宣言されていないときは、'Adollib::State_manager::BStypes' の左辺を無視します。
C:\Users\2190072\Documents\Adollib\Adollib\Adollib\states_manager.h(12): warning C4091: 'static ': 変数が何も宣言されていないときは、'Adollib::State_manager::DStypes' の左辺を無視します。
C:\Users\2190072\Documents\Adollib\Adollib\Adollib\states_manager.h(21): warning C4091: 'static ': 変数が何も宣言されていないときは、'Adollib::State_manager::RStypes' の左辺を無視します。
  gameobject_manager.cpp
C:\Users\2190072\Documents\Adollib\Adollib\Adollib\states_manager.h(35): warning C4091: 'static ': 変数が何も宣言されていないときは、'Adollib::State_manager::BStypes' の左辺を無視します。
C:\Users\2190072\Documents\Adollib\Adollib\Adollib\states_manager.h(12): warning C4091: 'static ': 変数が何も宣言されていないときは、'Adollib::State_manager::DStypes' の左辺を無視します。
C:\Users\2190072\Documents\Adollib\Adollib\Adollib\states_manager.h(21): warning C4091: 'static ': 変数が何も宣言されていないときは、'Adollib::State_manager::RStypes' の左辺を無視します。
C:\Users\2190072\Documents\Adollib\Adollib\Adollib\states_manager.h(35): warning C4091: 'static ': 変数が何も宣言されていないときは、'Adollib::State_manager::BStypes' の左辺を無視します。
C:\Users\2190072\Documents\Adollib\Adollib\Adollib\gameobject_manager.cpp(132,22): warning C4018: '<': signed と unsigned の数値を比較しようとしました。
C:\Users\2190072\Documents\Adollib\Adollib\Adollib\gameobject_manager.cpp(134,23): warning C4018: '<': signed と unsigned の数値を比較しようとしました。
C:\Users\2190072\Documents\Adollib\Adollib\Adollib\gameobject_manager.cpp(139,23): warning C4018: '<': signed と unsigned の数値を比較しようとしました。
  loop.cpp
C:\Users\2190072\Documents\Adollib\Adollib\Adollib\gameobject_manager.cpp(155,21): warning C4018: '<': signed と unsigned の数値を比較しようとしました。
C:\Users\2190072\Documents\Adollib\Adollib\Adollib\states_manager.h(12): warning C4091: 'static ': 変数が何も宣言されていないときは、'Adollib::State_manager::DStypes' の左辺を無視します。
C:\Users\2190072\Documents\Adollib\Adollib\Adollib\states_manager.h(21): warning C4091: 'static ': 変数が何も宣言されていないときは、'Adollib::State_manager::RStypes' の左辺を無視します。
  main.cpp
C:\Users\2190072\Documents\Adollib\Adollib\Adollib\states_manager.h(35): warning C4091: 'static ': 変数が何も宣言されていないときは、'Adollib::State_manager::BStypes' の左辺を無視します。
C:\Users\2190072\Documents\Adollib\Adollib\Adollib\states_manager.h(12): warning C4091: 'static ': 変数が何も宣言されていないときは、'Adollib::State_manager::DStypes' の左辺を無視します。
C:\Users\2190072\Documents\Adollib\Adollib\Adollib\states_manager.h(21): warning C4091: 'static ': 変数が何も宣言されていないときは、'Adollib::State_manager::RStypes' の左辺を無視します。
C:\Users\2190072\Documents\Adollib\Adollib\Adollib\states_manager.h(35): warning C4091: 'static ': 変数が何も宣言されていないときは、'Adollib::State_manager::BStypes' の左辺を無視します。
C:\Users\2190072\Documents\Adollib\Adollib\Adollib\main.cpp(97,15): warning C4244: '初期化中': 'ULONGLONG' から 'DWORD' への変換です。データが失われる可能性があります。
  material.cpp
C:\Users\2190072\Documents\Adollib\Adollib\Adollib\main.cpp(115,27): warning C4244: '=': 'ULONGLONG' から 'DWORD' への変換です。データが失われる可能性があります。
C:\Users\2190072\Documents\Adollib\Adollib\Adollib\states_manager.h(12): warning C4091: 'static ': 変数が何も宣言されていないときは、'Adollib::State_manager::DStypes' の左辺を無視します。
C:\Users\2190072\Documents\Adollib\Adollib\Adollib\states_manager.h(21): warning C4091: 'static ': 変数が何も宣言されていないときは、'Adollib::State_manager::RStypes' の左辺を無視します。
  matrix.cpp
C:\Users\2190072\Documents\Adollib\Adollib\Adollib\states_manager.h(35): warning C4091: 'static ': 変数が何も宣言されていないときは、'Adollib::State_manager::BStypes' の左辺を無視します。
  mesh.cpp
C:\Users\2190072\Documents\Adollib\Adollib\Adollib\matrix.cpp(168,5): warning C4067: プリプロセッサ ディレクティブの後に余分な文字がありました - 改行が必要です
C:\Users\2190072\Documents\Adollib\Adollib\Adollib\states_manager.h(12): warning C4091: 'static ': 変数が何も宣言されていないときは、'Adollib::State_manager::DStypes' の左辺を無視します。
C:\Users\2190072\Documents\Adollib\Adollib\Adollib\states_manager.h(21): warning C4091: 'static ': 変数が何も宣言されていないときは、'Adollib::State_manager::RStypes' の左辺を無視します。
C:\Users\2190072\Documents\Adollib\Adollib\Adollib\states_manager.h(35): warning C4091: 'static ': 変数が何も宣言されていないときは、'Adollib::State_manager::BStypes' の左辺を無視します。
C:\Users\2190072\Documents\Adollib\Adollib\Adollib\mesh_manager.h(27,1): error C2059: 構文エラー: '}'
C:\Users\2190072\Documents\Adollib\Adollib\Adollib\mesh_manager.h(27,1): error C2143: 構文エラー: ';' が '}' の前にありません。
C:\Users\2190072\Documents\Adollib\Adollib\Adollib\mesh.cpp(4,19): error C2143: 構文エラー: ';' が '{' の前にありません。
  quaternion.cpp
  rigit_body_manager.cpp
C:\Users\2190072\Documents\Adollib\Adollib\Adollib\mesh.cpp(4,19): error C2447: '{': 対応する関数ヘッダーがありません (旧形式の仮引数リスト?)
C:\Users\2190072\Documents\Adollib\Adollib\Adollib\states_manager.h(12): warning C4091: 'static ': 変数が何も宣言されていないときは、'Adollib::State_manager::DStypes' の左辺を無視します。
C:\Users\2190072\Documents\Adollib\Adollib\Adollib\states_manager.h(21): warning C4091: 'static ': 変数が何も宣言されていないときは、'Adollib::State_manager::RStypes' の左辺を無視します。
C:\Users\2190072\Documents\Adollib\Adollib\Adollib\states_manager.h(35): warning C4091: 'static ': 変数が何も宣言されていないときは、'Adollib::State_manager::BStypes' の左辺を無視します。
C:\Users\2190072\Documents\Adollib\Adollib\Adollib\rigit_body_manager.cpp(26,26): warning C4305: '初期化中': 'double' から 'float' へ切り詰めます。
C:\Users\2190072\Documents\Adollib\Adollib\Adollib\rigit_body_manager.cpp(34,10): warning C4018: '<': signed と unsigned の数値を比較しようとしました。
C:\Users\2190072\Documents\Adollib\Adollib\Adollib\rigit_body_manager.cpp(35,15): warning C4018: '<': signed と unsigned の数値を比較しようとしました。
C:\Users\2190072\Documents\Adollib\Adollib\Adollib\rigit_body_manager.cpp(38,10): warning C4018: '<': signed と unsigned の数値を比較しようとしました。
C:\Users\2190072\Documents\Adollib\Adollib\Adollib\rigit_body_manager.cpp(39,15): warning C4018: '<': signed と unsigned の数値を比較しようとしました。
C:\Users\2190072\Documents\Adollib\Adollib\Adollib\rigit_body_manager.cpp(45,21): warning C4018: '<': signed と unsigned の数値を比較しようとしました。
C:\Users\2190072\Documents\Adollib\Adollib\Adollib\rigit_body_manager.cpp(57,24): warning C4018: '<': signed と unsigned の数値を比較しようとしました。
C:\Users\2190072\Documents\Adollib\Adollib\Adollib\rigit_body_manager.cpp(61,24): warning C4018: '<': signed と unsigned の数値を比較しようとしました。
  scene_manager.cpp
C:\Users\2190072\Documents\Adollib\Adollib\Adollib\rigit_body_manager.cpp(92,21): warning C4018: '<': signed と unsigned の数値を比較しようとしました。
C:\Users\2190072\Documents\Adollib\Adollib\Adollib\states_manager.h(12): warning C4091: 'static ': 変数が何も宣言されていないときは、'Adollib::State_manager::DStypes' の左辺を無視します。
C:\Users\2190072\Documents\Adollib\Adollib\Adollib\states_manager.h(21): warning C4091: 'static ': 変数が何も宣言されていないときは、'Adollib::State_manager::RStypes' の左辺を無視します。
  shader.cpp
C:\Users\2190072\Documents\Adollib\Adollib\Adollib\states_manager.h(35): warning C4091: 'static ': 変数が何も宣言されていないときは、'Adollib::State_manager::BStypes' の左辺を無視します。
C:\Users\2190072\Documents\Adollib\Adollib\Adollib\states_manager.h(12): warning C4091: 'static ': 変数が何も宣言されていないときは、'Adollib::State_manager::DStypes' の左辺を無視します。
C:\Users\2190072\Documents\Adollib\Adollib\Adollib\states_manager.h(21): warning C4091: 'static ': 変数が何も宣言されていないときは、'Adollib::State_manager::RStypes' の左辺を無視します。
  vector.cpp
  コードを生成中...
C:\Users\2190072\Documents\Adollib\Adollib\Adollib\states_manager.h(35): warning C4091: 'static ': 変数が何も宣言されていないときは、'Adollib::State_manager::BStypes' の左辺を無視します。
C:\Users\2190072\Documents\Adollib\Adollib\Adollib\vector.cpp(77): warning C4172: ローカル変数またはテンポラリのアドレスを返します: R
C:\Users\2190072\Documents\Adollib\Adollib\Adollib\vector.cpp(329): warning C4172: ローカル変数またはテンポラリのアドレスを返します: R
C:\Users\2190072\Documents\Adollib\Adollib\Adollib\vector.cpp(509): warning C4715: 'Adollib::n_vector2::norm_sqr': 値を返さないコントロール パスがあります。
